{
  "stats": {
    "suites": 1,
    "tests": 1,
    "passes": 0,
    "pending": 0,
    "failures": 1,
    "start": "2021-07-13T17:06:46.367Z",
    "end": "2021-07-13T17:08:42.528Z",
    "duration": 116161,
    "testsRegistered": 1,
    "passPercent": 0,
    "pendingPercent": 0,
    "other": 0,
    "hasOther": false,
    "skipped": 0,
    "hasSkipped": false
  },
  "results": [
    {
      "uuid": "e63ef9e7-5abf-4907-83e6-bc75ce6aa427",
      "title": "",
      "fullFile": "cypress\\integration\\teste.feature",
      "file": "cypress\\integration\\teste.feature",
      "beforeHooks": [],
      "afterHooks": [],
      "tests": [],
      "suites": [
        {
          "uuid": "3affc0ba-ab09-4c7f-9695-ec3c81d2951c",
          "title": "Automação site netshoes",
          "fullFile": "",
          "file": "",
          "beforeHooks": [],
          "afterHooks": [],
          "tests": [
            {
              "title": "Preencher campo de pesquisa",
              "fullTitle": "Automação site netshoes Preencher campo de pesquisa",
              "timedOut": null,
              "duration": 115517,
              "state": "failed",
              "speed": null,
              "pass": false,
              "fail": true,
              "pending": false,
              "context": null,
              "code": "const state = window.testState;\nreturn cy\n  .then(() => state.onStartScenario(scenario, indexedSteps))\n  .then(() =>\n    resolveAndRunBeforeHooks.call(this, scenario.tags, state.feature.name)\n  )\n  .then(() =>\n    indexedSteps.forEach((step) =>\n      stepTest.call(this, state, step, rowData)\n    )\n  )\n  .then(() =>\n    resolveAndRunAfterHooks.call(this, scenario.tags, state.feature.name)\n  )\n  .then(() => state.onFinishScenario(scenario));",
              "err": {
                "message": "AssertionError: Timed out retrying after 60000ms: Expected to find element: `buy-button-now button-no-float`, but never found it.",
                "estack": "AssertionError: Timed out retrying after 60000ms: Expected to find element: `buy-button-now button-no-float`, but never found it.\n    at Context.eval (https://www.netshoes.com.br/__cypress/tests?p=cypress\\integration\\teste.feature:125:12)",
                "diff": null
              },
              "uuid": "b5116c84-8345-4d41-b642-b998e702ec2f",
              "parentUUID": "3affc0ba-ab09-4c7f-9695-ec3c81d2951c",
              "isHook": false,
              "skipped": false
            }
          ],
          "suites": [],
          "passes": [],
          "failures": [
            "b5116c84-8345-4d41-b642-b998e702ec2f"
          ],
          "pending": [],
          "skipped": [],
          "duration": 115517,
          "root": false,
          "rootEmpty": false,
          "_timeout": 2000
        }
      ],
      "passes": [],
      "failures": [],
      "pending": [],
      "skipped": [],
      "duration": 0,
      "root": true,
      "rootEmpty": true,
      "_timeout": 2000
    }
  ],
  "meta": {
    "mocha": {
      "version": "7.0.1"
    },
    "mochawesome": {
      "options": {
        "quiet": false,
        "reportFilename": "mochawesome",
        "saveHtml": true,
        "saveJson": true,
        "consoleReporter": "spec",
        "useInlineDiffs": false,
        "code": true
      },
      "version": "6.2.2"
    },
    "marge": {
      "options": null,
      "version": "5.2.0"
    }
  }
}